{"C:\\projeto\\react-tdd-in-1h\\src\\App.tsx": {"path":"C:\\projeto\\react-tdd-in-1h\\src\\App.tsx","all":true,"statementMap":{"0":{"start":{"line":1,"column":0},"end":{"line":1,"column":33}},"1":{"start":{"line":2,"column":0},"end":{"line":2,"column":59}},"2":{"start":{"line":3,"column":0},"end":{"line":3,"column":0}},"3":{"start":{"line":4,"column":0},"end":{"line":4,"column":16}},"4":{"start":{"line":5,"column":0},"end":{"line":5,"column":62}},"5":{"start":{"line":6,"column":0},"end":{"line":6,"column":25}},"6":{"start":{"line":7,"column":0},"end":{"line":7,"column":21}},"7":{"start":{"line":8,"column":0},"end":{"line":8,"column":44}},"8":{"start":{"line":9,"column":0},"end":{"line":9,"column":0}},"9":{"start":{"line":10,"column":0},"end":{"line":10,"column":12}},"10":{"start":{"line":11,"column":0},"end":{"line":11,"column":29}},"11":{"start":{"line":12,"column":0},"end":{"line":12,"column":39}},"12":{"start":{"line":13,"column":0},"end":{"line":13,"column":46}},"13":{"start":{"line":14,"column":0},"end":{"line":14,"column":0}},"14":{"start":{"line":15,"column":0},"end":{"line":15,"column":30}},"15":{"start":{"line":16,"column":0},"end":{"line":16,"column":58}},"16":{"start":{"line":17,"column":0},"end":{"line":17,"column":62}},"17":{"start":{"line":18,"column":0},"end":{"line":18,"column":21}},"18":{"start":{"line":19,"column":0},"end":{"line":19,"column":18}},"19":{"start":{"line":20,"column":0},"end":{"line":20,"column":0}},"20":{"start":{"line":21,"column":0},"end":{"line":21,"column":52}},"21":{"start":{"line":22,"column":0},"end":{"line":22,"column":48}},"22":{"start":{"line":23,"column":0},"end":{"line":23,"column":23}},"23":{"start":{"line":24,"column":0},"end":{"line":24,"column":53}},"24":{"start":{"line":25,"column":0},"end":{"line":25,"column":103}},"25":{"start":{"line":26,"column":0},"end":{"line":26,"column":56}},"26":{"start":{"line":27,"column":0},"end":{"line":27,"column":19}},"27":{"start":{"line":28,"column":0},"end":{"line":28,"column":24}},"28":{"start":{"line":29,"column":0},"end":{"line":29,"column":23}},"29":{"start":{"line":30,"column":0},"end":{"line":30,"column":51}},"30":{"start":{"line":31,"column":0},"end":{"line":31,"column":60}},"31":{"start":{"line":32,"column":0},"end":{"line":32,"column":24}},"32":{"start":{"line":33,"column":0},"end":{"line":33,"column":22}},"33":{"start":{"line":34,"column":0},"end":{"line":34,"column":0}},"34":{"start":{"line":35,"column":0},"end":{"line":35,"column":50}},"35":{"start":{"line":36,"column":0},"end":{"line":36,"column":45}},"36":{"start":{"line":37,"column":0},"end":{"line":37,"column":63}},"37":{"start":{"line":38,"column":0},"end":{"line":38,"column":68}},"38":{"start":{"line":39,"column":0},"end":{"line":39,"column":22}},"39":{"start":{"line":40,"column":0},"end":{"line":40,"column":18}},"40":{"start":{"line":41,"column":0},"end":{"line":41,"column":14}},"41":{"start":{"line":42,"column":0},"end":{"line":42,"column":6}},"42":{"start":{"line":43,"column":0},"end":{"line":43,"column":1}},"43":{"start":{"line":44,"column":0},"end":{"line":44,"column":0}},"44":{"start":{"line":45,"column":0},"end":{"line":45,"column":19}}},"s":{"0":0,"1":0,"2":0,"3":0,"4":0,"5":0,"6":0,"7":0,"8":0,"9":0,"10":0,"11":0,"12":0,"13":0,"14":0,"15":0,"16":0,"17":0,"18":0,"19":0,"20":0,"21":0,"22":0,"23":0,"24":0,"25":0,"26":0,"27":0,"28":0,"29":0,"30":0,"31":0,"32":0,"33":0,"34":0,"35":0,"36":0,"37":0,"38":0,"39":0,"40":0,"41":0,"42":0,"43":0,"44":0},"branchMap":{"0":{"type":"branch","line":1,"loc":{"start":{"line":1,"column":0},"end":{"line":45,"column":-795}},"locations":[{"start":{"line":1,"column":0},"end":{"line":45,"column":-795}}]}},"b":{"0":[0]},"fnMap":{"0":{"name":"(empty-report)","decl":{"start":{"line":1,"column":0},"end":{"line":45,"column":-795}},"loc":{"start":{"line":1,"column":0},"end":{"line":45,"column":-795}},"line":1}},"f":{"0":0}}
,"C:\\projeto\\react-tdd-in-1h\\src\\main.tsx": {"path":"C:\\projeto\\react-tdd-in-1h\\src\\main.tsx","all":true,"statementMap":{"0":{"start":{"line":1,"column":0},"end":{"line":1,"column":25}},"1":{"start":{"line":2,"column":0},"end":{"line":2,"column":39}},"2":{"start":{"line":3,"column":0},"end":{"line":3,"column":27}},"3":{"start":{"line":4,"column":0},"end":{"line":4,"column":20}},"4":{"start":{"line":5,"column":0},"end":{"line":5,"column":0}},"5":{"start":{"line":6,"column":0},"end":{"line":6,"column":61}},"6":{"start":{"line":7,"column":0},"end":{"line":7,"column":20}},"7":{"start":{"line":8,"column":0},"end":{"line":8,"column":11}},"8":{"start":{"line":9,"column":0},"end":{"line":9,"column":22}},"9":{"start":{"line":10,"column":0},"end":{"line":10,"column":1}}},"s":{"0":0,"1":0,"2":0,"3":0,"4":0,"5":0,"6":0,"7":0,"8":0,"9":0},"branchMap":{"0":{"type":"branch","line":1,"loc":{"start":{"line":1,"column":235},"end":{"line":10,"column":1}},"locations":[{"start":{"line":1,"column":235},"end":{"line":10,"column":1}}]}},"b":{"0":[0]},"fnMap":{"0":{"name":"(empty-report)","decl":{"start":{"line":1,"column":235},"end":{"line":10,"column":1}},"loc":{"start":{"line":1,"column":235},"end":{"line":10,"column":1}},"line":1}},"f":{"0":0}}
,"C:\\projeto\\react-tdd-in-1h\\src\\components\\DocumentInput.tsx": {"path":"C:\\projeto\\react-tdd-in-1h\\src\\components\\DocumentInput.tsx","all":false,"statementMap":{"0":{"start":{"line":1,"column":0},"end":{"line":1,"column":26}},"1":{"start":{"line":2,"column":0},"end":{"line":2,"column":69}},"2":{"start":{"line":3,"column":0},"end":{"line":3,"column":0}},"3":{"start":{"line":4,"column":0},"end":{"line":4,"column":30}},"4":{"start":{"line":5,"column":0},"end":{"line":5,"column":19}},"5":{"start":{"line":6,"column":0},"end":{"line":6,"column":25}},"6":{"start":{"line":7,"column":0},"end":{"line":7,"column":86}},"7":{"start":{"line":8,"column":0},"end":{"line":8,"column":23}},"8":{"start":{"line":9,"column":0},"end":{"line":9,"column":1}},"9":{"start":{"line":10,"column":0},"end":{"line":10,"column":0}},"10":{"start":{"line":11,"column":0},"end":{"line":11,"column":61}},"11":{"start":{"line":12,"column":0},"end":{"line":12,"column":83}},"12":{"start":{"line":13,"column":0},"end":{"line":13,"column":103}},"13":{"start":{"line":14,"column":0},"end":{"line":14,"column":83}},"14":{"start":{"line":15,"column":0},"end":{"line":15,"column":78}},"15":{"start":{"line":16,"column":0},"end":{"line":16,"column":67}},"16":{"start":{"line":17,"column":0},"end":{"line":17,"column":90}},"17":{"start":{"line":18,"column":0},"end":{"line":18,"column":0}},"18":{"start":{"line":19,"column":0},"end":{"line":19,"column":34}},"19":{"start":{"line":20,"column":0},"end":{"line":20,"column":0}},"20":{"start":{"line":21,"column":0},"end":{"line":21,"column":27}},"21":{"start":{"line":22,"column":0},"end":{"line":22,"column":53}},"22":{"start":{"line":23,"column":0},"end":{"line":23,"column":53}},"23":{"start":{"line":24,"column":0},"end":{"line":24,"column":0}},"24":{"start":{"line":25,"column":0},"end":{"line":25,"column":37}},"25":{"start":{"line":26,"column":0},"end":{"line":26,"column":39}},"26":{"start":{"line":27,"column":0},"end":{"line":27,"column":0}},"27":{"start":{"line":28,"column":0},"end":{"line":28,"column":23}},"28":{"start":{"line":29,"column":0},"end":{"line":29,"column":36}},"29":{"start":{"line":30,"column":0},"end":{"line":30,"column":29}},"30":{"start":{"line":31,"column":0},"end":{"line":31,"column":34}},"31":{"start":{"line":32,"column":0},"end":{"line":32,"column":9}},"32":{"start":{"line":33,"column":0},"end":{"line":33,"column":0}},"33":{"start":{"line":34,"column":0},"end":{"line":34,"column":37}},"34":{"start":{"line":35,"column":0},"end":{"line":35,"column":6}},"35":{"start":{"line":36,"column":0},"end":{"line":36,"column":0}},"36":{"start":{"line":37,"column":0},"end":{"line":37,"column":12}},"37":{"start":{"line":38,"column":0},"end":{"line":38,"column":39}},"38":{"start":{"line":39,"column":0},"end":{"line":39,"column":52}},"39":{"start":{"line":40,"column":0},"end":{"line":40,"column":0}},"40":{"start":{"line":41,"column":0},"end":{"line":41,"column":41}},"41":{"start":{"line":42,"column":0},"end":{"line":42,"column":22}},"42":{"start":{"line":43,"column":0},"end":{"line":43,"column":32}},"43":{"start":{"line":44,"column":0},"end":{"line":44,"column":31}},"44":{"start":{"line":45,"column":0},"end":{"line":45,"column":46}},"45":{"start":{"line":46,"column":0},"end":{"line":46,"column":68}},"46":{"start":{"line":47,"column":0},"end":{"line":47,"column":45}},"47":{"start":{"line":48,"column":0},"end":{"line":48,"column":51}},"48":{"start":{"line":49,"column":0},"end":{"line":49,"column":48}},"49":{"start":{"line":50,"column":0},"end":{"line":50,"column":18}},"50":{"start":{"line":51,"column":0},"end":{"line":51,"column":0}},"51":{"start":{"line":52,"column":0},"end":{"line":52,"column":36}},"52":{"start":{"line":53,"column":0},"end":{"line":53,"column":27}},"53":{"start":{"line":54,"column":0},"end":{"line":54,"column":37}},"54":{"start":{"line":55,"column":0},"end":{"line":55,"column":39}},"55":{"start":{"line":56,"column":0},"end":{"line":56,"column":48}},"56":{"start":{"line":57,"column":0},"end":{"line":57,"column":50}},"57":{"start":{"line":58,"column":0},"end":{"line":58,"column":49}},"58":{"start":{"line":59,"column":0},"end":{"line":59,"column":44}},"59":{"start":{"line":60,"column":0},"end":{"line":60,"column":21}},"60":{"start":{"line":61,"column":0},"end":{"line":61,"column":25}},"61":{"start":{"line":62,"column":0},"end":{"line":62,"column":29}},"62":{"start":{"line":63,"column":0},"end":{"line":63,"column":18}},"63":{"start":{"line":64,"column":0},"end":{"line":64,"column":18}},"64":{"start":{"line":65,"column":0},"end":{"line":65,"column":0}},"65":{"start":{"line":66,"column":0},"end":{"line":66,"column":48}},"66":{"start":{"line":67,"column":0},"end":{"line":67,"column":30}},"67":{"start":{"line":68,"column":0},"end":{"line":68,"column":91}},"68":{"start":{"line":69,"column":0},"end":{"line":69,"column":72}},"69":{"start":{"line":70,"column":0},"end":{"line":70,"column":24}},"70":{"start":{"line":71,"column":0},"end":{"line":71,"column":18}},"71":{"start":{"line":72,"column":0},"end":{"line":72,"column":0}},"72":{"start":{"line":73,"column":0},"end":{"line":73,"column":29}},"73":{"start":{"line":74,"column":0},"end":{"line":74,"column":91}},"74":{"start":{"line":75,"column":0},"end":{"line":75,"column":78}},"75":{"start":{"line":76,"column":0},"end":{"line":76,"column":24}},"76":{"start":{"line":77,"column":0},"end":{"line":77,"column":18}},"77":{"start":{"line":78,"column":0},"end":{"line":78,"column":0}},"78":{"start":{"line":79,"column":0},"end":{"line":79,"column":67}},"79":{"start":{"line":80,"column":0},"end":{"line":80,"column":77}},"80":{"start":{"line":81,"column":0},"end":{"line":81,"column":62}},"81":{"start":{"line":82,"column":0},"end":{"line":82,"column":24}},"82":{"start":{"line":83,"column":0},"end":{"line":83,"column":18}},"83":{"start":{"line":84,"column":0},"end":{"line":84,"column":18}},"84":{"start":{"line":85,"column":0},"end":{"line":85,"column":14}},"85":{"start":{"line":86,"column":0},"end":{"line":86,"column":6}},"86":{"start":{"line":87,"column":0},"end":{"line":87,"column":2}}},"s":{"0":1,"1":1,"2":1,"3":1,"4":1,"5":1,"6":1,"7":1,"8":1,"9":1,"10":1,"11":28,"12":28,"13":28,"14":28,"15":28,"16":28,"17":28,"18":28,"19":28,"20":28,"21":28,"22":28,"23":28,"24":28,"25":28,"26":28,"27":28,"28":6,"29":28,"30":8,"31":8,"32":28,"33":28,"34":28,"35":28,"36":28,"37":28,"38":28,"39":28,"40":28,"41":28,"42":28,"43":28,"44":28,"45":28,"46":28,"47":28,"48":28,"49":28,"50":28,"51":28,"52":15,"53":15,"54":15,"55":15,"56":15,"57":15,"58":15,"59":15,"60":15,"61":15,"62":28,"63":28,"64":28,"65":28,"66":28,"67":6,"68":6,"69":6,"70":28,"71":28,"72":28,"73":8,"74":8,"75":8,"76":28,"77":28,"78":28,"79":12,"80":12,"81":12,"82":28,"83":28,"84":28,"85":28,"86":28},"branchMap":{"0":{"type":"branch","line":11,"loc":{"start":{"line":11,"column":59},"end":{"line":87,"column":2}},"locations":[{"start":{"line":11,"column":59},"end":{"line":87,"column":2}}]},"1":{"type":"branch","line":52,"loc":{"start":{"line":52,"column":26},"end":{"line":62,"column":29}},"locations":[{"start":{"line":52,"column":26},"end":{"line":62,"column":29}}]},"2":{"type":"branch","line":67,"loc":{"start":{"line":67,"column":17},"end":{"line":70,"column":24}},"locations":[{"start":{"line":67,"column":17},"end":{"line":70,"column":24}}]},"3":{"type":"branch","line":73,"loc":{"start":{"line":73,"column":17},"end":{"line":76,"column":24}},"locations":[{"start":{"line":73,"column":17},"end":{"line":76,"column":24}}]},"4":{"type":"branch","line":79,"loc":{"start":{"line":79,"column":26},"end":{"line":79,"column":67}},"locations":[{"start":{"line":79,"column":26},"end":{"line":79,"column":67}}]},"5":{"type":"branch","line":79,"loc":{"start":{"line":79,"column":53},"end":{"line":82,"column":24}},"locations":[{"start":{"line":79,"column":53},"end":{"line":82,"column":24}}]},"6":{"type":"branch","line":21,"loc":{"start":{"line":21,"column":20},"end":{"line":23,"column":7}},"locations":[{"start":{"line":21,"column":20},"end":{"line":23,"column":7}}]},"7":{"type":"branch","line":22,"loc":{"start":{"line":22,"column":8},"end":{"line":22,"column":53}},"locations":[{"start":{"line":22,"column":8},"end":{"line":22,"column":53}}]},"8":{"type":"branch","line":25,"loc":{"start":{"line":25,"column":30},"end":{"line":35,"column":6}},"locations":[{"start":{"line":25,"column":30},"end":{"line":35,"column":6}}]},"9":{"type":"branch","line":28,"loc":{"start":{"line":28,"column":22},"end":{"line":30,"column":19}},"locations":[{"start":{"line":28,"column":22},"end":{"line":30,"column":19}}]},"10":{"type":"branch","line":30,"loc":{"start":{"line":30,"column":8},"end":{"line":32,"column":9}},"locations":[{"start":{"line":30,"column":8},"end":{"line":32,"column":9}}]},"11":{"type":"branch","line":30,"loc":{"start":{"line":30,"column":28},"end":{"line":32,"column":9}},"locations":[{"start":{"line":30,"column":28},"end":{"line":32,"column":9}}]},"12":{"type":"branch","line":46,"loc":{"start":{"line":46,"column":30},"end":{"line":46,"column":68}},"locations":[{"start":{"line":46,"column":30},"end":{"line":46,"column":68}}]}},"b":{"0":[28],"1":[15],"2":[6],"3":[8],"4":[15],"5":[12],"6":[28],"7":[2],"8":[28],"9":[6],"10":[22],"11":[8],"12":[4]},"fnMap":{"0":{"name":"DocumentInput","decl":{"start":{"line":11,"column":59},"end":{"line":87,"column":2}},"loc":{"start":{"line":11,"column":59},"end":{"line":87,"column":2}},"line":11},"1":{"name":"getInputClassName","decl":{"start":{"line":25,"column":30},"end":{"line":35,"column":6}},"loc":{"start":{"line":25,"column":30},"end":{"line":35,"column":6}},"line":25},"2":{"name":"onChange","decl":{"start":{"line":46,"column":30},"end":{"line":46,"column":68}},"loc":{"start":{"line":46,"column":30},"end":{"line":46,"column":68}},"line":46}},"f":{"0":28,"1":28,"2":4}}
,"C:\\projeto\\react-tdd-in-1h\\src\\hooks\\useDocumentValidator.ts": {"path":"C:\\projeto\\react-tdd-in-1h\\src\\hooks\\useDocumentValidator.ts","all":false,"statementMap":{"0":{"start":{"line":1,"column":0},"end":{"line":1,"column":46}},"1":{"start":{"line":2,"column":0},"end":{"line":2,"column":73}},"2":{"start":{"line":3,"column":0},"end":{"line":3,"column":0}},"3":{"start":{"line":4,"column":0},"end":{"line":4,"column":37}},"4":{"start":{"line":5,"column":0},"end":{"line":5,"column":18}},"5":{"start":{"line":6,"column":0},"end":{"line":6,"column":21}},"6":{"start":{"line":7,"column":0},"end":{"line":7,"column":37}},"7":{"start":{"line":8,"column":0},"end":{"line":8,"column":22}},"8":{"start":{"line":9,"column":0},"end":{"line":9,"column":19}},"9":{"start":{"line":10,"column":0},"end":{"line":10,"column":1}},"10":{"start":{"line":11,"column":0},"end":{"line":11,"column":0}},"11":{"start":{"line":12,"column":0},"end":{"line":12,"column":60}},"12":{"start":{"line":13,"column":0},"end":{"line":13,"column":72}},"13":{"start":{"line":14,"column":0},"end":{"line":14,"column":58}},"14":{"start":{"line":15,"column":0},"end":{"line":15,"column":16}},"15":{"start":{"line":16,"column":0},"end":{"line":16,"column":32}},"16":{"start":{"line":17,"column":0},"end":{"line":17,"column":26}},"17":{"start":{"line":18,"column":0},"end":{"line":18,"column":72}},"18":{"start":{"line":19,"column":0},"end":{"line":19,"column":10}},"19":{"start":{"line":20,"column":0},"end":{"line":20,"column":7}},"20":{"start":{"line":21,"column":0},"end":{"line":21,"column":0}},"21":{"start":{"line":22,"column":0},"end":{"line":22,"column":59}},"22":{"start":{"line":23,"column":0},"end":{"line":23,"column":48}},"23":{"start":{"line":24,"column":0},"end":{"line":24,"column":0}},"24":{"start":{"line":25,"column":0},"end":{"line":25,"column":40}},"25":{"start":{"line":26,"column":0},"end":{"line":26,"column":0}},"26":{"start":{"line":27,"column":0},"end":{"line":27,"column":51}},"27":{"start":{"line":28,"column":0},"end":{"line":28,"column":0}},"28":{"start":{"line":29,"column":0},"end":{"line":29,"column":38}},"29":{"start":{"line":30,"column":0},"end":{"line":30,"column":43}},"30":{"start":{"line":31,"column":0},"end":{"line":31,"column":48}},"31":{"start":{"line":32,"column":0},"end":{"line":32,"column":74}},"32":{"start":{"line":33,"column":0},"end":{"line":33,"column":20}},"33":{"start":{"line":34,"column":0},"end":{"line":34,"column":54}},"34":{"start":{"line":35,"column":0},"end":{"line":35,"column":13}},"35":{"start":{"line":36,"column":0},"end":{"line":36,"column":9}},"36":{"start":{"line":37,"column":0},"end":{"line":37,"column":0}},"37":{"start":{"line":38,"column":0},"end":{"line":38,"column":21}},"38":{"start":{"line":39,"column":0},"end":{"line":39,"column":18}},"39":{"start":{"line":40,"column":0},"end":{"line":40,"column":26}},"40":{"start":{"line":41,"column":0},"end":{"line":41,"column":17}},"41":{"start":{"line":42,"column":0},"end":{"line":42,"column":11}},"42":{"start":{"line":43,"column":0},"end":{"line":43,"column":11}},"43":{"start":{"line":44,"column":0},"end":{"line":44,"column":0}},"44":{"start":{"line":45,"column":0},"end":{"line":45,"column":37}},"45":{"start":{"line":46,"column":0},"end":{"line":46,"column":21}},"46":{"start":{"line":47,"column":0},"end":{"line":47,"column":22}},"47":{"start":{"line":48,"column":0},"end":{"line":48,"column":27}},"48":{"start":{"line":49,"column":0},"end":{"line":49,"column":28}},"49":{"start":{"line":50,"column":0},"end":{"line":50,"column":26}},"50":{"start":{"line":51,"column":0},"end":{"line":51,"column":28}},"51":{"start":{"line":52,"column":0},"end":{"line":52,"column":11}},"52":{"start":{"line":53,"column":0},"end":{"line":53,"column":11}},"53":{"start":{"line":54,"column":0},"end":{"line":54,"column":0}},"54":{"start":{"line":55,"column":0},"end":{"line":55,"column":12}},"55":{"start":{"line":56,"column":0},"end":{"line":56,"column":17}},"56":{"start":{"line":57,"column":0},"end":{"line":57,"column":23}},"57":{"start":{"line":58,"column":0},"end":{"line":58,"column":14}},"58":{"start":{"line":59,"column":0},"end":{"line":59,"column":34}},"59":{"start":{"line":60,"column":0},"end":{"line":60,"column":34}},"60":{"start":{"line":61,"column":0},"end":{"line":61,"column":6}},"61":{"start":{"line":62,"column":0},"end":{"line":62,"column":2}}},"s":{"0":1,"1":1,"2":1,"3":1,"4":1,"5":1,"6":1,"7":1,"8":1,"9":1,"10":1,"11":1,"12":11,"13":7,"14":7,"15":7,"16":7,"17":7,"18":7,"19":11,"20":11,"21":11,"22":4,"23":4,"24":4,"25":3,"26":3,"27":3,"28":3,"29":4,"30":1,"31":0,"32":1,"33":1,"34":1,"35":1,"36":3,"37":3,"38":3,"39":3,"40":3,"41":3,"42":11,"43":11,"44":11,"45":1,"46":1,"47":1,"48":1,"49":1,"50":1,"51":1,"52":11,"53":11,"54":11,"55":11,"56":11,"57":11,"58":11,"59":11,"60":11,"61":11},"branchMap":{"0":{"type":"branch","line":12,"loc":{"start":{"line":12,"column":36},"end":{"line":62,"column":2}},"locations":[{"start":{"line":12,"column":36},"end":{"line":62,"column":2}}]},"1":{"type":"branch","line":13,"loc":{"start":{"line":13,"column":65},"end":{"line":20,"column":5}},"locations":[{"start":{"line":13,"column":65},"end":{"line":20,"column":5}}]},"2":{"type":"branch","line":18,"loc":{"start":{"line":18,"column":30},"end":{"line":18,"column":52}},"locations":[{"start":{"line":18,"column":30},"end":{"line":18,"column":52}}]},"3":{"type":"branch","line":18,"loc":{"start":{"line":18,"column":40},"end":{"line":18,"column":72}},"locations":[{"start":{"line":18,"column":40},"end":{"line":18,"column":72}}]},"4":{"type":"branch","line":22,"loc":{"start":{"line":22,"column":39},"end":{"line":43,"column":7}},"locations":[{"start":{"line":22,"column":39},"end":{"line":43,"column":7}}]},"5":{"type":"branch","line":25,"loc":{"start":{"line":25,"column":33},"end":{"line":25,"column":40}},"locations":[{"start":{"line":25,"column":33},"end":{"line":25,"column":40}}]},"6":{"type":"branch","line":25,"loc":{"start":{"line":25,"column":33},"end":{"line":30,"column":42}},"locations":[{"start":{"line":25,"column":33},"end":{"line":30,"column":42}}]},"7":{"type":"branch","line":30,"loc":{"start":{"line":30,"column":42},"end":{"line":36,"column":9}},"locations":[{"start":{"line":30,"column":42},"end":{"line":36,"column":9}}]},"8":{"type":"branch","line":31,"loc":{"start":{"line":31,"column":47},"end":{"line":33,"column":19}},"locations":[{"start":{"line":31,"column":47},"end":{"line":33,"column":19}}]},"9":{"type":"branch","line":36,"loc":{"start":{"line":36,"column":8},"end":{"line":42,"column":11}},"locations":[{"start":{"line":36,"column":8},"end":{"line":42,"column":11}}]},"10":{"type":"branch","line":45,"loc":{"start":{"line":45,"column":30},"end":{"line":53,"column":7}},"locations":[{"start":{"line":45,"column":30},"end":{"line":53,"column":7}}]}},"b":{"0":[11],"1":[7],"2":[2],"3":[5],"4":[4],"5":[1],"6":[3],"7":[1],"8":[0],"9":[3],"10":[1]},"fnMap":{"0":{"name":"useDocumentValidator","decl":{"start":{"line":12,"column":36},"end":{"line":62,"column":2}},"loc":{"start":{"line":12,"column":36},"end":{"line":62,"column":2}},"line":12}},"f":{"0":11}}
,"C:\\projeto\\react-tdd-in-1h\\src\\utils\\validators.ts": {"path":"C:\\projeto\\react-tdd-in-1h\\src\\utils\\validators.ts","all":false,"statementMap":{"0":{"start":{"line":1,"column":0},"end":{"line":1,"column":60}},"1":{"start":{"line":2,"column":0},"end":{"line":2,"column":36}},"2":{"start":{"line":3,"column":0},"end":{"line":3,"column":2}},"3":{"start":{"line":4,"column":0},"end":{"line":4,"column":0}},"4":{"start":{"line":5,"column":0},"end":{"line":5,"column":53}},"5":{"start":{"line":6,"column":0},"end":{"line":6,"column":44}},"6":{"start":{"line":7,"column":0},"end":{"line":7,"column":18}},"7":{"start":{"line":8,"column":0},"end":{"line":8,"column":40}},"8":{"start":{"line":9,"column":0},"end":{"line":9,"column":40}},"9":{"start":{"line":10,"column":0},"end":{"line":10,"column":45}},"10":{"start":{"line":11,"column":0},"end":{"line":11,"column":40}},"11":{"start":{"line":12,"column":0},"end":{"line":12,"column":2}},"12":{"start":{"line":13,"column":0},"end":{"line":13,"column":0}},"13":{"start":{"line":14,"column":0},"end":{"line":14,"column":54}},"14":{"start":{"line":15,"column":0},"end":{"line":15,"column":44}},"15":{"start":{"line":16,"column":0},"end":{"line":16,"column":18}},"16":{"start":{"line":17,"column":0},"end":{"line":17,"column":40}},"17":{"start":{"line":18,"column":0},"end":{"line":18,"column":40}},"18":{"start":{"line":19,"column":0},"end":{"line":19,"column":40}},"19":{"start":{"line":20,"column":0},"end":{"line":20,"column":45}},"20":{"start":{"line":21,"column":0},"end":{"line":21,"column":40}},"21":{"start":{"line":22,"column":0},"end":{"line":22,"column":2}},"22":{"start":{"line":23,"column":0},"end":{"line":23,"column":0}},"23":{"start":{"line":24,"column":0},"end":{"line":24,"column":54}},"24":{"start":{"line":25,"column":0},"end":{"line":25,"column":42}},"25":{"start":{"line":26,"column":0},"end":{"line":26,"column":0}},"26":{"start":{"line":27,"column":0},"end":{"line":27,"column":44}},"27":{"start":{"line":28,"column":0},"end":{"line":28,"column":0}},"28":{"start":{"line":29,"column":0},"end":{"line":29,"column":51}},"29":{"start":{"line":30,"column":0},"end":{"line":30,"column":0}},"30":{"start":{"line":31,"column":0},"end":{"line":31,"column":16}},"31":{"start":{"line":32,"column":0},"end":{"line":32,"column":33}},"32":{"start":{"line":33,"column":0},"end":{"line":33,"column":47}},"33":{"start":{"line":34,"column":0},"end":{"line":34,"column":5}},"34":{"start":{"line":35,"column":0},"end":{"line":35,"column":36}},"35":{"start":{"line":36,"column":0},"end":{"line":36,"column":60}},"36":{"start":{"line":37,"column":0},"end":{"line":37,"column":57}},"37":{"start":{"line":38,"column":0},"end":{"line":38,"column":0}},"38":{"start":{"line":39,"column":0},"end":{"line":39,"column":12}},"39":{"start":{"line":40,"column":0},"end":{"line":40,"column":34}},"40":{"start":{"line":41,"column":0},"end":{"line":41,"column":47}},"41":{"start":{"line":42,"column":0},"end":{"line":42,"column":5}},"42":{"start":{"line":43,"column":0},"end":{"line":43,"column":32}},"43":{"start":{"line":44,"column":0},"end":{"line":44,"column":60}},"44":{"start":{"line":45,"column":0},"end":{"line":45,"column":58}},"45":{"start":{"line":46,"column":0},"end":{"line":46,"column":0}},"46":{"start":{"line":47,"column":0},"end":{"line":47,"column":16}},"47":{"start":{"line":48,"column":0},"end":{"line":48,"column":2}},"48":{"start":{"line":49,"column":0},"end":{"line":49,"column":0}},"49":{"start":{"line":50,"column":0},"end":{"line":50,"column":56}},"50":{"start":{"line":51,"column":0},"end":{"line":51,"column":43}},"51":{"start":{"line":52,"column":0},"end":{"line":52,"column":0}},"52":{"start":{"line":53,"column":0},"end":{"line":53,"column":44}},"53":{"start":{"line":54,"column":0},"end":{"line":54,"column":0}},"54":{"start":{"line":55,"column":0},"end":{"line":55,"column":51}},"55":{"start":{"line":56,"column":0},"end":{"line":56,"column":0}},"56":{"start":{"line":57,"column":0},"end":{"line":57,"column":58}},"57":{"start":{"line":58,"column":0},"end":{"line":58,"column":16}},"58":{"start":{"line":59,"column":0},"end":{"line":59,"column":34}},"59":{"start":{"line":60,"column":0},"end":{"line":60,"column":50}},"60":{"start":{"line":61,"column":0},"end":{"line":61,"column":5}},"61":{"start":{"line":62,"column":0},"end":{"line":62,"column":29}},"62":{"start":{"line":63,"column":0},"end":{"line":63,"column":54}},"63":{"start":{"line":64,"column":0},"end":{"line":64,"column":55}},"64":{"start":{"line":65,"column":0},"end":{"line":65,"column":0}},"65":{"start":{"line":66,"column":0},"end":{"line":66,"column":61}},"66":{"start":{"line":67,"column":0},"end":{"line":67,"column":12}},"67":{"start":{"line":68,"column":0},"end":{"line":68,"column":34}},"68":{"start":{"line":69,"column":0},"end":{"line":69,"column":50}},"69":{"start":{"line":70,"column":0},"end":{"line":70,"column":5}},"70":{"start":{"line":71,"column":0},"end":{"line":71,"column":25}},"71":{"start":{"line":72,"column":0},"end":{"line":72,"column":54}},"72":{"start":{"line":73,"column":0},"end":{"line":73,"column":55}},"73":{"start":{"line":74,"column":0},"end":{"line":74,"column":0}},"74":{"start":{"line":75,"column":0},"end":{"line":75,"column":16}},"75":{"start":{"line":76,"column":0},"end":{"line":76,"column":2}},"76":{"start":{"line":77,"column":0},"end":{"line":77,"column":0}},"77":{"start":{"line":78,"column":0},"end":{"line":78,"column":53}},"78":{"start":{"line":79,"column":0},"end":{"line":79,"column":21}},"79":{"start":{"line":80,"column":0},"end":{"line":80,"column":37}},"80":{"start":{"line":81,"column":0},"end":{"line":81,"column":22}},"81":{"start":{"line":82,"column":0},"end":{"line":82,"column":6}},"82":{"start":{"line":83,"column":0},"end":{"line":83,"column":47}},"83":{"start":{"line":84,"column":0},"end":{"line":84,"column":0}},"84":{"start":{"line":85,"column":0},"end":{"line":85,"column":32}},"85":{"start":{"line":86,"column":0},"end":{"line":86,"column":16}},"86":{"start":{"line":87,"column":0},"end":{"line":87,"column":43}},"87":{"start":{"line":88,"column":0},"end":{"line":88,"column":24}},"88":{"start":{"line":89,"column":0},"end":{"line":89,"column":42}},"89":{"start":{"line":90,"column":0},"end":{"line":90,"column":10}},"90":{"start":{"line":91,"column":0},"end":{"line":91,"column":39}},"91":{"start":{"line":92,"column":0},"end":{"line":92,"column":16}},"92":{"start":{"line":93,"column":0},"end":{"line":93,"column":44}},"93":{"start":{"line":94,"column":0},"end":{"line":94,"column":25}},"94":{"start":{"line":95,"column":0},"end":{"line":95,"column":43}},"95":{"start":{"line":96,"column":0},"end":{"line":96,"column":10}},"96":{"start":{"line":97,"column":0},"end":{"line":97,"column":5}},"97":{"start":{"line":98,"column":0},"end":{"line":98,"column":0}},"98":{"start":{"line":99,"column":0},"end":{"line":99,"column":12}},"99":{"start":{"line":100,"column":0},"end":{"line":100,"column":23}},"100":{"start":{"line":101,"column":0},"end":{"line":101,"column":24}},"101":{"start":{"line":102,"column":0},"end":{"line":102,"column":27}},"102":{"start":{"line":103,"column":0},"end":{"line":103,"column":6}},"103":{"start":{"line":104,"column":0},"end":{"line":104,"column":2}}},"s":{"0":1,"1":61,"2":61,"3":1,"4":1,"5":10,"6":10,"7":10,"8":10,"9":10,"10":10,"11":10,"12":1,"13":1,"14":6,"15":6,"16":6,"17":6,"18":6,"19":6,"20":6,"21":6,"22":1,"23":1,"24":15,"25":15,"26":15,"27":13,"28":15,"29":9,"30":9,"31":15,"32":81,"33":81,"34":9,"35":15,"36":15,"37":9,"38":9,"39":15,"40":90,"41":90,"42":9,"43":15,"44":15,"45":7,"46":7,"47":7,"48":1,"49":1,"50":10,"51":10,"52":10,"53":8,"54":10,"55":5,"56":5,"57":5,"58":10,"59":60,"60":60,"61":5,"62":10,"63":10,"64":5,"65":5,"66":5,"67":10,"68":65,"69":65,"70":5,"71":10,"72":10,"73":4,"74":4,"75":4,"76":1,"77":1,"78":13,"79":13,"80":13,"81":13,"82":13,"83":13,"84":13,"85":5,"86":5,"87":5,"88":5,"89":5,"90":13,"91":2,"92":2,"93":2,"94":2,"95":2,"96":2,"97":6,"98":6,"99":6,"100":6,"101":6,"102":6,"103":6},"branchMap":{"0":{"type":"branch","line":1,"loc":{"start":{"line":1,"column":32},"end":{"line":3,"column":2}},"locations":[{"start":{"line":1,"column":32},"end":{"line":3,"column":2}}]},"1":{"type":"branch","line":5,"loc":{"start":{"line":5,"column":25},"end":{"line":12,"column":2}},"locations":[{"start":{"line":5,"column":25},"end":{"line":12,"column":2}}]},"2":{"type":"branch","line":14,"loc":{"start":{"line":14,"column":26},"end":{"line":22,"column":2}},"locations":[{"start":{"line":14,"column":26},"end":{"line":22,"column":2}}]},"3":{"type":"branch","line":24,"loc":{"start":{"line":24,"column":27},"end":{"line":48,"column":2}},"locations":[{"start":{"line":24,"column":27},"end":{"line":48,"column":2}}]},"4":{"type":"branch","line":27,"loc":{"start":{"line":27,"column":31},"end":{"line":27,"column":44}},"locations":[{"start":{"line":27,"column":31},"end":{"line":27,"column":44}}]},"5":{"type":"branch","line":27,"loc":{"start":{"line":27,"column":38},"end":{"line":29,"column":45}},"locations":[{"start":{"line":27,"column":38},"end":{"line":29,"column":45}}]},"6":{"type":"branch","line":29,"loc":{"start":{"line":29,"column":38},"end":{"line":29,"column":51}},"locations":[{"start":{"line":29,"column":38},"end":{"line":29,"column":51}}]},"7":{"type":"branch","line":29,"loc":{"start":{"line":29,"column":45},"end":{"line":32,"column":32}},"locations":[{"start":{"line":29,"column":45},"end":{"line":32,"column":32}}]},"8":{"type":"branch","line":32,"loc":{"start":{"line":32,"column":32},"end":{"line":34,"column":5}},"locations":[{"start":{"line":32,"column":32},"end":{"line":34,"column":5}}]},"9":{"type":"branch","line":34,"loc":{"start":{"line":34,"column":4},"end":{"line":36,"column":28}},"locations":[{"start":{"line":34,"column":4},"end":{"line":36,"column":28}}]},"10":{"type":"branch","line":36,"loc":{"start":{"line":36,"column":22},"end":{"line":36,"column":46}},"locations":[{"start":{"line":36,"column":22},"end":{"line":36,"column":46}}]},"11":{"type":"branch","line":36,"loc":{"start":{"line":36,"column":46},"end":{"line":36,"column":60}},"locations":[{"start":{"line":36,"column":46},"end":{"line":36,"column":60}}]},"12":{"type":"branch","line":36,"loc":{"start":{"line":36,"column":58},"end":{"line":37,"column":51}},"locations":[{"start":{"line":36,"column":58},"end":{"line":37,"column":51}}]},"13":{"type":"branch","line":37,"loc":{"start":{"line":37,"column":44},"end":{"line":37,"column":57}},"locations":[{"start":{"line":37,"column":44},"end":{"line":37,"column":57}}]},"14":{"type":"branch","line":37,"loc":{"start":{"line":37,"column":51},"end":{"line":40,"column":33}},"locations":[{"start":{"line":37,"column":51},"end":{"line":40,"column":33}}]},"15":{"type":"branch","line":40,"loc":{"start":{"line":40,"column":33},"end":{"line":42,"column":5}},"locations":[{"start":{"line":40,"column":33},"end":{"line":42,"column":5}}]},"16":{"type":"branch","line":42,"loc":{"start":{"line":42,"column":4},"end":{"line":44,"column":46}},"locations":[{"start":{"line":42,"column":4},"end":{"line":44,"column":46}}]},"17":{"type":"branch","line":44,"loc":{"start":{"line":44,"column":46},"end":{"line":44,"column":60}},"locations":[{"start":{"line":44,"column":46},"end":{"line":44,"column":60}}]},"18":{"type":"branch","line":44,"loc":{"start":{"line":44,"column":58},"end":{"line":45,"column":52}},"locations":[{"start":{"line":44,"column":58},"end":{"line":45,"column":52}}]},"19":{"type":"branch","line":45,"loc":{"start":{"line":45,"column":45},"end":{"line":45,"column":58}},"locations":[{"start":{"line":45,"column":45},"end":{"line":45,"column":58}}]},"20":{"type":"branch","line":45,"loc":{"start":{"line":45,"column":52},"end":{"line":48,"column":2}},"locations":[{"start":{"line":45,"column":52},"end":{"line":48,"column":2}}]},"21":{"type":"branch","line":50,"loc":{"start":{"line":50,"column":28},"end":{"line":76,"column":2}},"locations":[{"start":{"line":50,"column":28},"end":{"line":76,"column":2}}]},"22":{"type":"branch","line":53,"loc":{"start":{"line":53,"column":31},"end":{"line":53,"column":44}},"locations":[{"start":{"line":53,"column":31},"end":{"line":53,"column":44}}]},"23":{"type":"branch","line":53,"loc":{"start":{"line":53,"column":38},"end":{"line":55,"column":45}},"locations":[{"start":{"line":53,"column":38},"end":{"line":55,"column":45}}]},"24":{"type":"branch","line":55,"loc":{"start":{"line":55,"column":38},"end":{"line":55,"column":51}},"locations":[{"start":{"line":55,"column":38},"end":{"line":55,"column":51}}]},"25":{"type":"branch","line":55,"loc":{"start":{"line":55,"column":45},"end":{"line":59,"column":33}},"locations":[{"start":{"line":55,"column":45},"end":{"line":59,"column":33}}]},"26":{"type":"branch","line":59,"loc":{"start":{"line":59,"column":33},"end":{"line":61,"column":5}},"locations":[{"start":{"line":59,"column":33},"end":{"line":61,"column":5}}]},"27":{"type":"branch","line":61,"loc":{"start":{"line":61,"column":4},"end":{"line":63,"column":35}},"locations":[{"start":{"line":61,"column":4},"end":{"line":63,"column":35}}]},"28":{"type":"branch","line":63,"loc":{"start":{"line":63,"column":31},"end":{"line":63,"column":39}},"locations":[{"start":{"line":63,"column":31},"end":{"line":63,"column":39}}]},"29":{"type":"branch","line":63,"loc":{"start":{"line":63,"column":35},"end":{"line":63,"column":54}},"locations":[{"start":{"line":63,"column":35},"end":{"line":63,"column":54}}]},"30":{"type":"branch","line":64,"loc":{"start":{"line":64,"column":42},"end":{"line":64,"column":55}},"locations":[{"start":{"line":64,"column":42},"end":{"line":64,"column":55}}]},"31":{"type":"branch","line":64,"loc":{"start":{"line":64,"column":49},"end":{"line":68,"column":33}},"locations":[{"start":{"line":64,"column":49},"end":{"line":68,"column":33}}]},"32":{"type":"branch","line":68,"loc":{"start":{"line":68,"column":33},"end":{"line":70,"column":5}},"locations":[{"start":{"line":68,"column":33},"end":{"line":70,"column":5}}]},"33":{"type":"branch","line":70,"loc":{"start":{"line":70,"column":4},"end":{"line":72,"column":35}},"locations":[{"start":{"line":70,"column":4},"end":{"line":72,"column":35}}]},"34":{"type":"branch","line":72,"loc":{"start":{"line":72,"column":31},"end":{"line":72,"column":39}},"locations":[{"start":{"line":72,"column":31},"end":{"line":72,"column":39}}]},"35":{"type":"branch","line":72,"loc":{"start":{"line":72,"column":35},"end":{"line":72,"column":54}},"locations":[{"start":{"line":72,"column":35},"end":{"line":72,"column":54}}]},"36":{"type":"branch","line":73,"loc":{"start":{"line":73,"column":42},"end":{"line":73,"column":55}},"locations":[{"start":{"line":73,"column":42},"end":{"line":73,"column":55}}]},"37":{"type":"branch","line":73,"loc":{"start":{"line":73,"column":49},"end":{"line":76,"column":2}},"locations":[{"start":{"line":73,"column":49},"end":{"line":76,"column":2}}]},"38":{"type":"branch","line":78,"loc":{"start":{"line":78,"column":32},"end":{"line":104,"column":2}},"locations":[{"start":{"line":78,"column":32},"end":{"line":104,"column":2}}]},"39":{"type":"branch","line":85,"loc":{"start":{"line":85,"column":31},"end":{"line":91,"column":15}},"locations":[{"start":{"line":85,"column":31},"end":{"line":91,"column":15}}]},"40":{"type":"branch","line":91,"loc":{"start":{"line":91,"column":4},"end":{"line":97,"column":5}},"locations":[{"start":{"line":91,"column":4},"end":{"line":97,"column":5}}]},"41":{"type":"branch","line":91,"loc":{"start":{"line":91,"column":38},"end":{"line":97,"column":5}},"locations":[{"start":{"line":91,"column":38},"end":{"line":97,"column":5}}]},"42":{"type":"branch","line":97,"loc":{"start":{"line":97,"column":4},"end":{"line":104,"column":2}},"locations":[{"start":{"line":97,"column":4},"end":{"line":104,"column":2}}]}},"b":{"0":[61],"1":[10],"2":[6],"3":[15],"4":[2],"5":[13],"6":[4],"7":[9],"8":[81],"9":[9],"10":[1],"11":[8],"12":[9],"13":[0],"14":[9],"15":[90],"16":[9],"17":[0],"18":[9],"19":[2],"20":[7],"21":[10],"22":[2],"23":[8],"24":[3],"25":[5],"26":[60],"27":[5],"28":[0],"29":[5],"30":[0],"31":[5],"32":[65],"33":[5],"34":[0],"35":[5],"36":[1],"37":[4],"38":[13],"39":[5],"40":[8],"41":[2],"42":[6]},"fnMap":{"0":{"name":"removeNonNumeric","decl":{"start":{"line":1,"column":32},"end":{"line":3,"column":2}},"loc":{"start":{"line":1,"column":32},"end":{"line":3,"column":2}},"line":1},"1":{"name":"formatCPF","decl":{"start":{"line":5,"column":25},"end":{"line":12,"column":2}},"loc":{"start":{"line":5,"column":25},"end":{"line":12,"column":2}},"line":5},"2":{"name":"formatCNPJ","decl":{"start":{"line":14,"column":26},"end":{"line":22,"column":2}},"loc":{"start":{"line":14,"column":26},"end":{"line":22,"column":2}},"line":14},"3":{"name":"validateCPF","decl":{"start":{"line":24,"column":27},"end":{"line":48,"column":2}},"loc":{"start":{"line":24,"column":27},"end":{"line":48,"column":2}},"line":24},"4":{"name":"validateCNPJ","decl":{"start":{"line":50,"column":28},"end":{"line":76,"column":2}},"loc":{"start":{"line":50,"column":28},"end":{"line":76,"column":2}},"line":50},"5":{"name":"validateDocument","decl":{"start":{"line":78,"column":32},"end":{"line":104,"column":2}},"loc":{"start":{"line":78,"column":32},"end":{"line":104,"column":2}},"line":78}},"f":{"0":61,"1":10,"2":6,"3":15,"4":10,"5":13}}
}
