TN:
SF:src\App.tsx
FN:1,(empty-report)
FNF:1
FNH:0
FNDA:0,(empty-report)
DA:1,0
DA:2,0
DA:3,0
DA:4,0
DA:5,0
DA:6,0
DA:7,0
DA:8,0
DA:9,0
DA:10,0
DA:11,0
DA:12,0
DA:13,0
DA:14,0
DA:15,0
DA:16,0
DA:17,0
DA:18,0
DA:19,0
DA:20,0
DA:21,0
DA:22,0
DA:23,0
DA:24,0
DA:25,0
DA:26,0
DA:27,0
DA:28,0
DA:29,0
DA:30,0
DA:31,0
DA:32,0
DA:33,0
DA:34,0
DA:35,0
DA:36,0
DA:37,0
DA:38,0
DA:39,0
DA:40,0
DA:41,0
DA:42,0
DA:43,0
DA:44,0
DA:45,0
LF:45
LH:0
BRDA:1,0,0,0
BRF:1
BRH:0
end_of_record
TN:
SF:src\main.tsx
FN:1,(empty-report)
FNF:1
FNH:0
FNDA:0,(empty-report)
DA:1,0
DA:2,0
DA:3,0
DA:4,0
DA:5,0
DA:6,0
DA:7,0
DA:8,0
DA:9,0
DA:10,0
LF:10
LH:0
BRDA:1,0,0,0
BRF:1
BRH:0
end_of_record
TN:
SF:src\components\DocumentInput.tsx
FN:11,DocumentInput
FN:25,getInputClassName
FN:46,onChange
FNF:3
FNH:3
FNDA:28,DocumentInput
FNDA:28,getInputClassName
FNDA:4,onChange
DA:1,1
DA:2,1
DA:3,1
DA:4,1
DA:5,1
DA:6,1
DA:7,1
DA:8,1
DA:9,1
DA:10,1
DA:11,1
DA:12,28
DA:13,28
DA:14,28
DA:15,28
DA:16,28
DA:17,28
DA:18,28
DA:19,28
DA:20,28
DA:21,28
DA:22,28
DA:23,28
DA:24,28
DA:25,28
DA:26,28
DA:27,28
DA:28,28
DA:29,6
DA:30,28
DA:31,8
DA:32,8
DA:33,28
DA:34,28
DA:35,28
DA:36,28
DA:37,28
DA:38,28
DA:39,28
DA:40,28
DA:41,28
DA:42,28
DA:43,28
DA:44,28
DA:45,28
DA:46,28
DA:47,28
DA:48,28
DA:49,28
DA:50,28
DA:51,28
DA:52,28
DA:53,15
DA:54,15
DA:55,15
DA:56,15
DA:57,15
DA:58,15
DA:59,15
DA:60,15
DA:61,15
DA:62,15
DA:63,28
DA:64,28
DA:65,28
DA:66,28
DA:67,28
DA:68,6
DA:69,6
DA:70,6
DA:71,28
DA:72,28
DA:73,28
DA:74,8
DA:75,8
DA:76,8
DA:77,28
DA:78,28
DA:79,28
DA:80,12
DA:81,12
DA:82,12
DA:83,28
DA:84,28
DA:85,28
DA:86,28
DA:87,28
LF:87
LH:87
BRDA:11,0,0,28
BRDA:52,1,0,15
BRDA:67,2,0,6
BRDA:73,3,0,8
BRDA:79,4,0,15
BRDA:79,5,0,12
BRDA:21,6,0,28
BRDA:22,7,0,2
BRDA:25,8,0,28
BRDA:28,9,0,6
BRDA:30,10,0,22
BRDA:30,11,0,8
BRDA:46,12,0,4
BRF:13
BRH:13
end_of_record
TN:
SF:src\hooks\useDocumentValidator.ts
FN:12,useDocumentValidator
FNF:1
FNH:1
FNDA:11,useDocumentValidator
DA:1,1
DA:2,1
DA:3,1
DA:4,1
DA:5,1
DA:6,1
DA:7,1
DA:8,1
DA:9,1
DA:10,1
DA:11,1
DA:12,1
DA:13,11
DA:14,7
DA:15,7
DA:16,7
DA:17,7
DA:18,7
DA:19,7
DA:20,11
DA:21,11
DA:22,11
DA:23,4
DA:24,4
DA:25,4
DA:26,3
DA:27,3
DA:28,3
DA:29,3
DA:30,4
DA:31,1
DA:32,0
DA:33,1
DA:34,1
DA:35,1
DA:36,1
DA:37,3
DA:38,3
DA:39,3
DA:40,3
DA:41,3
DA:42,3
DA:43,11
DA:44,11
DA:45,11
DA:46,1
DA:47,1
DA:48,1
DA:49,1
DA:50,1
DA:51,1
DA:52,1
DA:53,11
DA:54,11
DA:55,11
DA:56,11
DA:57,11
DA:58,11
DA:59,11
DA:60,11
DA:61,11
DA:62,11
LF:62
LH:61
BRDA:12,0,0,11
BRDA:13,1,0,7
BRDA:18,2,0,2
BRDA:18,3,0,5
BRDA:22,4,0,4
BRDA:25,5,0,1
BRDA:25,6,0,3
BRDA:30,7,0,1
BRDA:31,8,0,0
BRDA:36,9,0,3
BRDA:45,10,0,1
BRF:11
BRH:10
end_of_record
TN:
SF:src\utils\validators.ts
FN:1,removeNonNumeric
FN:5,formatCPF
FN:14,formatCNPJ
FN:24,validateCPF
FN:50,validateCNPJ
FN:78,validateDocument
FNF:6
FNH:6
FNDA:61,removeNonNumeric
FNDA:10,formatCPF
FNDA:6,formatCNPJ
FNDA:15,validateCPF
FNDA:10,validateCNPJ
FNDA:13,validateDocument
DA:1,1
DA:2,61
DA:3,61
DA:4,1
DA:5,1
DA:6,10
DA:7,10
DA:8,10
DA:9,10
DA:10,10
DA:11,10
DA:12,10
DA:13,1
DA:14,1
DA:15,6
DA:16,6
DA:17,6
DA:18,6
DA:19,6
DA:20,6
DA:21,6
DA:22,6
DA:23,1
DA:24,1
DA:25,15
DA:26,15
DA:27,15
DA:28,13
DA:29,15
DA:30,9
DA:31,9
DA:32,15
DA:33,81
DA:34,81
DA:35,9
DA:36,15
DA:37,15
DA:38,9
DA:39,9
DA:40,15
DA:41,90
DA:42,90
DA:43,9
DA:44,15
DA:45,15
DA:46,7
DA:47,7
DA:48,7
DA:49,1
DA:50,1
DA:51,10
DA:52,10
DA:53,10
DA:54,8
DA:55,10
DA:56,5
DA:57,5
DA:58,5
DA:59,10
DA:60,60
DA:61,60
DA:62,5
DA:63,10
DA:64,10
DA:65,5
DA:66,5
DA:67,5
DA:68,10
DA:69,65
DA:70,65
DA:71,5
DA:72,10
DA:73,10
DA:74,4
DA:75,4
DA:76,4
DA:77,1
DA:78,1
DA:79,13
DA:80,13
DA:81,13
DA:82,13
DA:83,13
DA:84,13
DA:85,13
DA:86,5
DA:87,5
DA:88,5
DA:89,5
DA:90,5
DA:91,13
DA:92,2
DA:93,2
DA:94,2
DA:95,2
DA:96,2
DA:97,2
DA:98,6
DA:99,6
DA:100,6
DA:101,6
DA:102,6
DA:103,6
DA:104,6
LF:104
LH:104
BRDA:1,0,0,61
BRDA:5,1,0,10
BRDA:14,2,0,6
BRDA:24,3,0,15
BRDA:27,4,0,2
BRDA:27,5,0,13
BRDA:29,6,0,4
BRDA:29,7,0,9
BRDA:32,8,0,81
BRDA:34,9,0,9
BRDA:36,10,0,1
BRDA:36,11,0,8
BRDA:36,12,0,9
BRDA:37,13,0,0
BRDA:37,14,0,9
BRDA:40,15,0,90
BRDA:42,16,0,9
BRDA:44,17,0,0
BRDA:44,18,0,9
BRDA:45,19,0,2
BRDA:45,20,0,7
BRDA:50,21,0,10
BRDA:53,22,0,2
BRDA:53,23,0,8
BRDA:55,24,0,3
BRDA:55,25,0,5
BRDA:59,26,0,60
BRDA:61,27,0,5
BRDA:63,28,0,0
BRDA:63,29,0,5
BRDA:64,30,0,0
BRDA:64,31,0,5
BRDA:68,32,0,65
BRDA:70,33,0,5
BRDA:72,34,0,0
BRDA:72,35,0,5
BRDA:73,36,0,1
BRDA:73,37,0,4
BRDA:78,38,0,13
BRDA:85,39,0,5
BRDA:91,40,0,8
BRDA:91,41,0,2
BRDA:97,42,0,6
BRF:43
BRH:38
end_of_record
